<?xml version="1.0" encoding="utf-8" standalone="no"?>
<test-results xmlns:xsi="http://www.w3.org/2001/XMLSchema-instance" xsi:noNamespaceSchemaLocation="nunit_schema_2.5.xsd" name="Pester" total="290" errors="0" failures="2" not-run="0" inconclusive="0" ignored="0" skipped="3" invalid="0" date="2026-09-09" time="06:10:03">
  <environment clr-version="10.0.11" machine-name="runnervmgx7h7" nunit-version="2.5.8.0" user-domain="" platform="Linux" os-version="6.17.0-1022-azure" user="runner" cwd="/home/runner/work/autoreset/autoreset" />
  <culture-info current-culture="" current-uiculture="" />
  <test-suite type="TestFixture" name="Pester" executed="True" result="Failure" success="False" time="16.3696" asserts="0" description="Pester">
    <results>
      <test-suite type="TestFixture" name="/home/runner/work/autoreset/autoreset/tests/AutoReset.Common.Tests.ps1" executed="True" result="Success" success="True" time="1.8842" asserts="0" description="/home/runner/work/autoreset/autoreset/tests/AutoReset.Common.Tests.ps1">
        <results>
          <test-suite type="TestFixture" name="Disk eligibility and stable identity" executed="True" result="Success" success="True" time="0.5523" asserts="0" description="Disk eligibility and stable identity">
            <results>
              <test-case description="allows an identified internal writable disk" name="Disk eligibility and stable identity.allows an identified internal writable disk" time="0.2204" asserts="0" success="True" result="Success" executed="True" />
              <test-case description="allows an identified VM disk" name="Disk eligibility and stable identity.allows an identified VM disk" time="0.0124" asserts="0" success="True" result="Success" executed="True" />
              <test-case description="protects the media disk even when reported as internal" name="Disk eligibility and stable identity.protects the media disk even when reported as internal" time="0.0155" asserts="0" success="True" result="Success" executed="True" />
              <test-case description="rejects missing stable identifiers" name="Disk eligibility and stable identity.rejects missing stable identifiers" time="0.1066" asserts="0" success="True" result="Success" executed="True" />
              <test-case description="detects a different disk reusing the same number" name="Disk eligibility and stable identity.detects a different disk reusing the same number" time="0.0687" asserts="0" success="True" result="Success" executed="True" />
              <test-suite type="ParameterizedTest" name="Disk eligibility and stable identity.rejects &lt;Bus&gt; disks" executed="True" result="Success" success="True" time="0.0441" asserts="0" description="rejects &lt;Bus&gt; disks">
                <results>
                  <test-case description="rejects USB disks" name="Disk eligibility and stable identity.rejects USB disks" time="0.0134" asserts="0" success="True" result="Success" executed="True" />
                  <test-case description="rejects iSCSI disks" name="Disk eligibility and stable identity.rejects iSCSI disks" time="0.0045" asserts="0" success="True" result="Success" executed="True" />
                  <test-case description="rejects File Backed Virtual disks" name="Disk eligibility and stable identity.rejects File Backed Virtual disks" time="0.0041" asserts="0" success="True" result="Success" executed="True" />
                  <test-case description="rejects Unknown disks" name="Disk eligibility and stable identity.rejects Unknown disks" time="0.0046" asserts="0" success="True" result="Success" executed="True" />
                  <test-case description="rejects SD disks" name="Disk eligibility and stable identity.rejects SD disks" time="0.0042" asserts="0" success="True" result="Success" executed="True" />
                  <test-case description="rejects MMC disks" name="Disk eligibility and stable identity.rejects MMC disks" time="0.0042" asserts="0" success="True" result="Success" executed="True" />
                  <test-case description="rejects 1394 disks" name="Disk eligibility and stable identity.rejects 1394 disks" time="0.0046" asserts="0" success="True" result="Success" executed="True" />
                  <test-case description="rejects  disks" name="Disk eligibility and stable identity.rejects  disks" time="0.0044" asserts="0" success="True" result="Success" executed="True" />
                </results>
              </test-suite>
              <test-suite type="ParameterizedTest" name="Disk eligibility and stable identity.rejects disks with &lt;Flag&gt;" executed="True" result="Success" success="True" time="0.0264" asserts="0" description="rejects disks with &lt;Flag&gt;">
                <results>
                  <test-case description="rejects disks with IsBoot" name="Disk eligibility and stable identity.rejects disks with IsBoot" time="0.0087" asserts="0" success="True" result="Success" executed="True" />
                  <test-case description="rejects disks with IsSystem" name="Disk eligibility and stable identity.rejects disks with IsSystem" time="0.006" asserts="0" success="True" result="Success" executed="True" />
                  <test-case description="rejects disks with IsReadOnly" name="Disk eligibility and stable identity.rejects disks with IsReadOnly" time="0.006" asserts="0" success="True" result="Success" executed="True" />
                  <test-case description="rejects disks with IsOffline" name="Disk eligibility and stable identity.rejects disks with IsOffline" time="0.0057" asserts="0" success="True" result="Success" executed="True" />
                </results>
              </test-suite>
            </results>
          </test-suite>
          <test-suite type="TestFixture" name="Deployment media protection" executed="True" result="Success" success="True" time="0.9148" asserts="0" description="Deployment media protection">
            <results>
              <test-case description="protects all matching disks and deduplicates partitions on the same disk" name="Deployment media protection.protects all matching disks and deduplicates partitions on the same disk" time="0.3189" asserts="0" success="True" result="Success" executed="True" />
              <test-case description="refuses to guess when the media disk cannot be resolved" name="Deployment media protection.refuses to guess when the media disk cannot be resolved" time="0.0192" asserts="0" success="True" result="Success" executed="True" />
              <test-case description="does not try to resolve optical media to a writable disk" name="Deployment media protection.does not try to resolve optical media to a writable disk" time="0.0181" asserts="0" success="True" result="Success" executed="True" />
            </results>
          </test-suite>
          <test-suite type="TestFixture" name="Last-moment destructive-operation checks" executed="True" result="Success" success="True" time="1.2659" asserts="0" description="Last-moment destructive-operation checks">
            <results>
              <test-case description="returns only the revalidated disk" name="Last-moment destructive-operation checks.returns only the revalidated disk" time="0.1436" asserts="0" success="True" result="Success" executed="True" />
              <test-case description="refuses a changed identity" name="Last-moment destructive-operation checks.refuses a changed identity" time="0.0333" asserts="0" success="True" result="Success" executed="True" />
              <test-case description="rechecks newly attached deployment media" name="Last-moment destructive-operation checks.rechecks newly attached deployment media" time="0.0337" asserts="0" success="True" result="Success" executed="True" />
              <test-case description="preserves the original protected disks after media removal" name="Last-moment destructive-operation checks.preserves the original protected disks after media removal" time="0.13" asserts="0" success="True" result="Success" executed="True" />
            </results>
          </test-suite>
          <test-suite type="TestFixture" name="WinPE-only operation" executed="True" result="Success" success="True" time="1.368" asserts="0" description="WinPE-only operation">
            <results>
              <test-suite type="TestFixture" name="WinPE-only operation.KillDisk identity lookup" executed="True" result="Success" success="True" time="0.0858" asserts="0" description="WinPE-only operation.KillDisk identity lookup">
                <results>
                  <test-case description="can retrieve a Windows UInt32 disk identity using a selected Int32 number" name="WinPE-only operation.KillDisk identity lookup.can retrieve a Windows UInt32 disk identity using a selected Int32 number" time="0.0488" asserts="0" success="True" result="Success" executed="True" />
                </results>
              </test-suite>
              <test-case description="rejects an installed operating system" name="WinPE-only operation.rejects an installed operating system" time="0.033" asserts="0" success="True" result="Success" executed="True" />
              <test-case description="accepts WinPE" name="WinPE-only operation.accepts WinPE" time="0.0099" asserts="0" success="True" result="Success" executed="True" />
            </results>
          </test-suite>
        </results>
      </test-suite>
      <test-suite type="TestFixture" name="/home/runner/work/autoreset/autoreset/tests/AutoReset.UI.Tests.ps1" executed="True" result="Ignored" success="True" time="0.0296" asserts="0" description="/home/runner/work/autoreset/autoreset/tests/AutoReset.UI.Tests.ps1">
        <results>
          <test-suite type="TestFixture" name="WinForms disk layout" executed="True" result="Ignored" success="True" time="0.0073" asserts="0" description="WinForms disk layout">
            <results>
              <test-case description="keeps one-disk rows visible and all content reachable" name="WinForms disk layout.keeps one-disk rows visible and all content reachable" time="0.0025" asserts="0" success="False" result="Ignored" executed="False" />
              <test-case description="reserves hidden progress controls without repeated DPI growth" name="WinForms disk layout.reserves hidden progress controls without repeated DPI growth" time="0.001" asserts="0" success="False" result="Ignored" executed="False" />
              <test-case description="keeps compact form targets when a smaller width is requested" name="WinForms disk layout.keeps compact form targets when a smaller width is requested" time="0.0015" asserts="0" success="False" result="Ignored" executed="False" />
            </results>
          </test-suite>
        </results>
      </test-suite>
      <test-suite type="TestFixture" name="/home/runner/work/autoreset/autoreset/tests/Build-WinPE.Performance.Tests.ps1" executed="True" result="Failure" success="False" time="1.9784" asserts="0" description="/home/runner/work/autoreset/autoreset/tests/Build-WinPE.Performance.Tests.ps1">
        <results>
          <test-suite type="TestFixture" name="Independent serviced and customized WinPE caches" executed="True" result="Success" success="True" time="0.1829" asserts="0" description="Independent serviced and customized WinPE caches">
            <results>
              <test-case description="reuses both keys for identical inputs" name="Independent serviced and customized WinPE caches.reuses both keys for identical inputs" time="0.0307" asserts="0" success="True" result="Success" executed="True" />
              <test-case description="does not confuse delimiter characters with part boundaries" name="Independent serviced and customized WinPE caches.does not confuse delimiter characters with part boundaries" time="0.0059" asserts="0" success="True" result="Success" executed="True" />
              <test-suite type="ParameterizedTest" name="Independent serviced and customized WinPE caches.keeps serviced packages when &lt;Input&gt; changes" executed="True" result="Success" success="True" time="0.1094" asserts="0" description="keeps serviced packages when &lt;Input&gt; changes">
                <results>
                  <test-case description="keeps serviced packages when  changes" name="Independent serviced and customized WinPE caches.keeps serviced packages when  changes" time="0.011" asserts="0" success="True" result="Success" executed="True" />
                  <test-case description="keeps serviced packages when  changes" name="Independent serviced and customized WinPE caches.keeps serviced packages when  changes" time="0.0085" asserts="0" success="True" result="Success" executed="True" />
                  <test-case description="keeps serviced packages when  changes" name="Independent serviced and customized WinPE caches.keeps serviced packages when  changes" time="0.0089" asserts="0" success="True" result="Success" executed="True" />
                  <test-case description="keeps serviced packages when  changes" name="Independent serviced and customized WinPE caches.keeps serviced packages when  changes" time="0.009" asserts="0" success="True" result="Success" executed="True" />
                  <test-case description="keeps serviced packages when  changes" name="Independent serviced and customized WinPE caches.keeps serviced packages when  changes" time="0.0719" asserts="0" success="True" result="Success" executed="True" />
                </results>
              </test-suite>
              <test-suite type="ParameterizedTest" name="Independent serviced and customized WinPE caches.invalidates both layers when &lt;Input&gt; changes" executed="True" result="Success" success="True" time="0.0321" asserts="0" description="invalidates both layers when &lt;Input&gt; changes">
                <results>
                  <test-case description="invalidates both layers when  changes" name="Independent serviced and customized WinPE caches.invalidates both layers when  changes" time="0.0102" asserts="0" success="True" result="Success" executed="True" />
                  <test-case description="invalidates both layers when  changes" name="Independent serviced and customized WinPE caches.invalidates both layers when  changes" time="0.0075" asserts="0" success="True" result="Success" executed="True" />
                  <test-case description="invalidates both layers when  changes" name="Independent serviced and customized WinPE caches.invalidates both layers when  changes" time="0.0073" asserts="0" success="True" result="Success" executed="True" />
                  <test-case description="invalidates both layers when  changes" name="Independent serviced and customized WinPE caches.invalidates both layers when  changes" time="0.0071" asserts="0" success="True" result="Success" executed="True" />
                </results>
              </test-suite>
            </results>
          </test-suite>
          <test-suite type="TestFixture" name="Content-aware direct media copying" executed="True" result="Failure" success="False" time="1.8641" asserts="0" description="Content-aware direct media copying">
            <results>
              <test-case description="copies source assets directly without creating an intermediate payload image" name="Content-aware direct media copying.copies source assets directly without creating an intermediate payload image" time="0.2893" asserts="0" success="True" result="Success" executed="True" />
              <test-case description="performs no file writes on an unchanged refresh" name="Content-aware direct media copying.performs no file writes on an unchanged refresh" time="0.0824" asserts="0" success="True" result="Success" executed="True" />
              <test-case description="does not rewrite byte-identical files just because timestamps differ" name="Content-aware direct media copying.does not rewrite byte-identical files just because timestamps differ" time="0.071" asserts="0" success="True" result="Success" executed="True" />
              <test-case description="replaces changed bytes with the same length and timestamp" name="Content-aware direct media copying.replaces changed bytes with the same length and timestamp" time="0.1253" asserts="0" success="True" result="Success" executed="True" />
              <test-case description="repairs a corrupted destination even when sources did not change" name="Content-aware direct media copying.repairs a corrupted destination even when sources did not change" time="0.3158" asserts="0" success="False" result="Failure" executed="True">
                <failure>
                  <message>Expected strings to be the same, but they were different.
String lengths are both 7.
Strings differ at index 0.
Expected: 'image-a'
But was:  'corrupt'
           ^</message>
                  <stack-trace>at [IO.File]::ReadAllText((Join-Path $destination 'Images/install.wim')) | Should -Be 'image-a', /home/runner/work/autoreset/autoreset/tests/Build-WinPE.Performance.Tests.ps1:113
at &lt;ScriptBlock&gt;, /home/runner/work/autoreset/autoreset/tests/Build-WinPE.Performance.Tests.ps1:113</stack-trace>
                </failure>
              </test-case>
              <test-case description="removes obsolete payload files but preserves logs and source files" name="Content-aware direct media copying.removes obsolete payload files but preserves logs and source files" time="0.0579" asserts="0" success="True" result="Success" executed="True" />
              <test-case description="does not purge unrelated boot files when mirroring is disabled" name="Content-aware direct media copying.does not purge unrelated boot files when mirroring is disabled" time="0.0419" asserts="0" success="True" result="Success" executed="True" />
              <test-case description="validates every source before changing any destination file" name="Content-aware direct media copying.validates every source before changing any destination file" time="0.0575" asserts="0" success="True" result="Success" executed="True" />
              <test-case description="refuses an asset that grew after the capacity inventory was created" name="Content-aware direct media copying.refuses an asset that grew after the capacity inventory was created" time="0.0415" asserts="0" success="True" result="Success" executed="True" />
              <test-case description="rejects case-insensitive duplicate destinations" name="Content-aware direct media copying.rejects case-insensitive duplicate destinations" time="0.0296" asserts="0" success="True" result="Success" executed="True" />
              <test-case description="rejects a file that is also the parent directory of another file" name="Content-aware direct media copying.rejects a file that is also the parent directory of another file" time="0.03" asserts="0" success="True" result="Success" executed="True" />
              <test-case description="detects an existing parent-file conflict before copying earlier entries" name="Content-aware direct media copying.detects an existing parent-file conflict before copying earlier entries" time="0.0373" asserts="0" success="True" result="Success" executed="True" />
              <test-case description="rejects sources inside the destination to prevent self-copy and purge" name="Content-aware direct media copying.rejects sources inside the destination to prevent self-copy and purge" time="0.0298" asserts="0" success="True" result="Success" executed="True" />
              <test-case description="rejects attempts to overwrite preserved logs" name="Content-aware direct media copying.rejects attempts to overwrite preserved logs" time="0.0251" asserts="0" success="True" result="Success" executed="True" />
              <test-case description="rejects mirroring a filesystem root before mutations" name="Content-aware direct media copying.rejects mirroring a filesystem root before mutations" time="0.0459" asserts="0" success="True" result="Success" executed="True" />
              <test-case description="rejects a junction or symlink in a destination tree" name="Content-aware direct media copying.rejects a junction or symlink in a destination tree" time="0.0321" asserts="0" success="True" result="Success" executed="True" />
              <test-case description="includes real source paths in media inventories" name="Content-aware direct media copying.includes real source paths in media inventories" time="0.0356" asserts="0" success="True" result="Success" executed="True" />
              <test-suite type="ParameterizedTest" name="Content-aware direct media copying.rejects unsafe relative path &lt;Relative&gt; before copying" executed="True" result="Success" success="True" time="0.2825" asserts="0" description="rejects unsafe relative path &lt;Relative&gt; before copying">
                <results>
                  <test-case description="rejects unsafe relative path ../outside.wim before copying" name="Content-aware direct media copying.rejects unsafe relative path ../outside.wim before copying" time="0.0347" asserts="0" success="True" result="Success" executed="True" />
                  <test-case description="rejects unsafe relative path ..\outside.wim before copying" name="Content-aware direct media copying.rejects unsafe relative path ..\outside.wim before copying" time="0.0377" asserts="0" success="True" result="Success" executed="True" />
                  <test-case description="rejects unsafe relative path Images/../../outside.wim before copying" name="Content-aware direct media copying.rejects unsafe relative path Images/../../outside.wim before copying" time="0.0327" asserts="0" success="True" result="Success" executed="True" />
                  <test-case description="rejects unsafe relative path /rooted.wim before copying" name="Content-aware direct media copying.rejects unsafe relative path /rooted.wim before copying" time="0.0334" asserts="0" success="True" result="Success" executed="True" />
                  <test-case description="rejects unsafe relative path \rooted.wim before copying" name="Content-aware direct media copying.rejects unsafe relative path \rooted.wim before copying" time="0.0305" asserts="0" success="True" result="Success" executed="True" />
                  <test-case description="rejects unsafe relative path C:\rooted.wim before copying" name="Content-aware direct media copying.rejects unsafe relative path C:\rooted.wim before copying" time="0.0405" asserts="0" success="True" result="Success" executed="True" />
                  <test-case description="rejects unsafe relative path Images/file:stream before copying" name="Content-aware direct media copying.rejects unsafe relative path Images/file:stream before copying" time="0.0363" asserts="0" success="True" result="Success" executed="True" />
                  <test-case description="rejects unsafe relative path Images//install.wim before copying" name="Content-aware direct media copying.rejects unsafe relative path Images//install.wim before copying" time="0.0367" asserts="0" success="True" result="Success" executed="True" />
                </results>
              </test-suite>
            </results>
          </test-suite>
        </results>
      </test-suite>
      <test-suite type="TestFixture" name="/home/runner/work/autoreset/autoreset/tests/Build-WinPE.Tests.ps1" executed="True" result="Failure" success="False" time="7.5904" asserts="0" description="/home/runner/work/autoreset/autoreset/tests/Build-WinPE.Tests.ps1">
        <results>
          <test-suite type="TestFixture" name="Builder disk and volume safeguards" executed="True" result="Success" success="True" time="1.1778" asserts="0" description="Builder disk and volume safeguards">
            <results>
              <test-case description="accepts one eligible USB disk and its two partitions" name="Builder disk and volume safeguards.accepts one eligible USB disk and its two partitions" time="0.0791" asserts="0" success="True" result="Success" executed="True" />
              <test-case description="rejects missing volumes even for boot-only validation" name="Builder disk and volume safeguards.rejects missing volumes even for boot-only validation" time="0.0211" asserts="0" success="True" result="Success" executed="True" />
              <test-case description="rejects labels on different physical disks" name="Builder disk and volume safeguards.rejects labels on different physical disks" time="0.0313" asserts="0" success="True" result="Success" executed="True" />
              <test-case description="rejects wrong filesystem or missing drive letter" name="Builder disk and volume safeguards.rejects wrong filesystem or missing drive letter" time="0.0444" asserts="0" success="True" result="Success" executed="True" />
              <test-case description="rejects a read-only partition on an otherwise writable disk" name="Builder disk and volume safeguards.rejects a read-only partition on an otherwise writable disk" time="0.0427" asserts="0" success="True" result="Success" executed="True" />
              <test-case description="accepts partitions when boot/system flags are unavailable but not true" name="Builder disk and volume safeguards.accepts partitions when boot/system flags are unavailable but not true" time="0.0524" asserts="0" success="True" result="Success" executed="True" />
              <test-case description="fails closed when disk safety properties are unknown" name="Builder disk and volume safeguards.fails closed when disk safety properties are unknown" time="0.0312" asserts="0" success="True" result="Success" executed="True" />
              <test-case description="protects source, output and workspace disks" name="Builder disk and volume safeguards.protects source, output and workspace disks" time="0.0468" asserts="0" success="True" result="Success" executed="True" />
              <test-case description="rejects non-USB updates but allows an explicitly eligible fresh non-USB disk" name="Builder disk and volume safeguards.rejects non-USB updates but allows an explicitly eligible fresh non-USB disk" time="0.0366" asserts="0" success="True" result="Success" executed="True" />
              <test-case description="rejects changed identity before writes" name="Builder disk and volume safeguards.rejects changed identity before writes" time="0.019" asserts="0" success="True" result="Success" executed="True" />
              <test-case description="requires a stable hardware identifier" name="Builder disk and volume safeguards.requires a stable hardware identifier" time="0.0189" asserts="0" success="True" result="Success" executed="True" />
              <test-case description="propagates Clear-Disk failure and never partitions afterward" name="Builder disk and volume safeguards.propagates Clear-Disk failure and never partitions afterward" time="0.0648" asserts="0" success="True" result="Success" executed="True" />
              <test-case description="revalidates identity before Clear-Disk" name="Builder disk and volume safeguards.revalidates identity before Clear-Disk" time="0.0251" asserts="0" success="True" result="Success" executed="True" />
              <test-case description="partitions a validated disk using the computed size and rechecks before formatting" name="Builder disk and volume safeguards.partitions a validated disk using the computed size and rechecks before formatting" time="0.114" asserts="0" success="True" result="Success" executed="True" />
              <test-case description="does not erase an already RAW disk but still verifies identity" name="Builder disk and volume safeguards.does not erase an already RAW disk but still verifies identity" time="0.115" asserts="0" success="True" result="Success" executed="True" />
              <test-case description="refuses copying when a drive letter was reassigned" name="Builder disk and volume safeguards.refuses copying when a drive letter was reassigned" time="0.033" asserts="0" success="True" result="Success" executed="True" />
              <test-case description="maps existing ancestors to protected physical disks" name="Builder disk and volume safeguards.maps existing ancestors to protected physical disks" time="0.036" asserts="0" success="True" result="Success" executed="True" />
              <test-case description="fails closed when a source path maps to multiple disks" name="Builder disk and volume safeguards.fails closed when a source path maps to multiple disks" time="0.0223" asserts="0" success="True" result="Success" executed="True" />
              <test-case description="falls back to drive-letter mapping when Get-Partition lacks FilePath support" name="Builder disk and volume safeguards.falls back to drive-letter mapping when Get-Partition lacks FilePath support" time="0.0788" asserts="0" success="True" result="Success" executed="True" />
              <test-suite type="ParameterizedTest" name="Builder disk and volume safeguards.rejects duplicate &lt;Label&gt; labels" executed="True" result="Success" success="True" time="0.0544" asserts="0" description="rejects duplicate &lt;Label&gt; labels">
                <results>
                  <test-case description="rejects duplicate PE labels" name="Builder disk and volume safeguards.rejects duplicate PE labels" time="0.0324" asserts="0" success="True" result="Success" executed="True" />
                  <test-case description="rejects duplicate PAYLOAD labels" name="Builder disk and volume safeguards.rejects duplicate PAYLOAD labels" time="0.022" asserts="0" success="True" result="Success" executed="True" />
                </results>
              </test-suite>
              <test-suite type="ParameterizedTest" name="Builder disk and volume safeguards.rejects a &lt;Property&gt; disk" executed="True" result="Success" success="True" time="0.2052" asserts="0" description="rejects a &lt;Property&gt; disk">
                <results>
                  <test-case description="rejects a IsBoot disk" name="Builder disk and volume safeguards.rejects a IsBoot disk" time="0.075" asserts="0" success="True" result="Success" executed="True" />
                  <test-case description="rejects a IsSystem disk" name="Builder disk and volume safeguards.rejects a IsSystem disk" time="0.0405" asserts="0" success="True" result="Success" executed="True" />
                  <test-case description="rejects a IsReadOnly disk" name="Builder disk and volume safeguards.rejects a IsReadOnly disk" time="0.0455" asserts="0" success="True" result="Success" executed="True" />
                  <test-case description="rejects a IsOffline disk" name="Builder disk and volume safeguards.rejects a IsOffline disk" time="0.0442" asserts="0" success="True" result="Success" executed="True" />
                </results>
              </test-suite>
            </results>
          </test-suite>
          <test-suite type="TestFixture" name="USB validation reports failure in its own scope" executed="True" result="Success" success="True" time="1.3599" asserts="0" description="USB validation reports failure in its own scope">
            <results>
              <test-case description="throws when nested Report records missing boot files" name="USB validation reports failure in its own scope.throws when nested Report records missing boot files" time="0.1405" asserts="0" success="True" result="Success" executed="True" />
              <test-case description="throws when duplicate or unsafe media is discovered" name="USB validation reports failure in its own scope.throws when duplicate or unsafe media is discovered" time="0.0385" asserts="0" success="True" result="Success" executed="True" />
            </results>
          </test-suite>
          <test-suite type="TestFixture" name="Destructive USB mirror ownership" executed="True" result="Success" success="True" time="1.5039" asserts="0" description="Destructive USB mirror ownership">
            <results>
              <test-case description="refuses a label-only disk without the builder marker" name="Destructive USB mirror ownership.refuses a label-only disk without the builder marker" time="0.0344" asserts="0" success="True" result="Success" executed="True" />
              <test-case description="refuses an unrelated payload marker" name="Destructive USB mirror ownership.refuses an unrelated payload marker" time="0.0744" asserts="0" success="True" result="Success" executed="True" />
              <test-case description="accepts the builder-owned payload marker" name="Destructive USB mirror ownership.accepts the builder-owned payload marker" time="0.032" asserts="0" success="True" result="Success" executed="True" />
            </results>
          </test-suite>
          <test-suite type="TestFixture" name="Boot and update capacity" executed="True" result="Success" success="True" time="1.6089" asserts="0" description="Boot and update capacity">
            <results>
              <test-case description="sizes a larger boot partition dynamically" name="Boot and update capacity.sizes a larger boot partition dynamically" time="0.0289" asserts="0" success="True" result="Success" executed="True" />
              <test-case description="rejects a file that cannot fit FAT32" name="Boot and update capacity.rejects a file that cannot fit FAT32" time="0.0111" asserts="0" success="True" result="Success" executed="True" />
              <test-case description="rejects FAT32 volumes beyond the formatter limit" name="Boot and update capacity.rejects FAT32 volumes beyond the formatter limit" time="0.0114" asserts="0" success="True" result="Success" executed="True" />
              <test-case description="rejects an update that cannot fit before starting a mirror" name="Boot and update capacity.rejects an update that cannot fit before starting a mirror" time="0.0267" asserts="0" success="True" result="Success" executed="True" />
              <test-case description="checks payload capacity during updates too" name="Boot and update capacity.checks payload capacity during updates too" time="0.0236" asserts="0" success="True" result="Success" executed="True" />
            </results>
          </test-suite>
          <test-suite type="TestFixture" name="Canonical sources and safe payload defaults" executed="True" result="Success" success="True" time="1.9609" asserts="0" description="Canonical sources and safe payload defaults">
            <results>
              <test-case description="requires the four explicit usb-scripts runtime files" name="Canonical sources and safe payload defaults.requires the four explicit usb-scripts runtime files" time="0.0278" asserts="0" success="True" result="Success" executed="True" />
              <test-case description="rejects a missing installation image unless SkipPayload is explicit" name="Canonical sources and safe payload defaults.rejects a missing installation image unless SkipPayload is explicit" time="0.024" asserts="0" success="True" result="Success" executed="True" />
              <test-case description="rejects invalid configuration even for boot-only builds" name="Canonical sources and safe payload defaults.rejects invalid configuration even for boot-only builds" time="0.016" asserts="0" success="True" result="Success" executed="True" />
              <test-case description="mirrors exactly the runtime files and removes obsolete overrides" name="Canonical sources and safe payload defaults.mirrors exactly the runtime files and removes obsolete overrides" time="0.0829" asserts="0" success="True" result="Success" executed="True" />
              <test-case description="bundles Unicode runtime sources with a UTF-8 BOM for Windows PowerShell 5.1" name="Canonical sources and safe payload defaults.bundles Unicode runtime sources with a UTF-8 BOM for Windows PowerShell 5.1" time="0.055" asserts="0" success="True" result="Success" executed="True" />
              <test-case description="does not duplicate an existing runtime BOM" name="Canonical sources and safe payload defaults.does not duplicate an existing runtime BOM" time="0.01" asserts="0" success="True" result="Success" executed="True" />
              <test-case description="bundles the ADK BIOS deployment tool even without optional payload tools" name="Canonical sources and safe payload defaults.bundles the ADK BIOS deployment tool even without optional payload tools" time="0.094" asserts="0" success="True" result="Success" executed="True" />
              <test-case description="ships confirmation-first defaults without a preselected target" name="Canonical sources and safe payload defaults.ships confirmation-first defaults without a preselected target" time="0.0248" asserts="0" success="True" result="Success" executed="True" />
            </results>
          </test-suite>
          <test-suite type="TestFixture" name="Content-based cache and archive refresh" executed="True" result="Success" success="True" time="3.4899" asserts="0" description="Content-based cache and archive refresh">
            <results>
              <test-case description="detects changed bytes even when length and timestamps match" name="Content-based cache and archive refresh.detects changed bytes even when length and timestamps match" time="0.0389" asserts="0" success="True" result="Success" executed="True" />
              <test-case description="hashes relative names as well as content" name="Content-based cache and archive refresh.hashes relative names as well as content" time="0.0363" asserts="0" success="True" result="Success" executed="True" />
              <test-case description="copies same-size replacements using hashes" name="Content-based cache and archive refresh.copies same-size replacements using hashes" time="0.0253" asserts="0" success="True" result="Success" executed="True" />
              <test-case description="can ignore access-denied copy failures when explicitly requested" name="Content-based cache and archive refresh.can ignore access-denied copy failures when explicitly requested" time="0.0777" asserts="0" success="True" result="Success" executed="True" />
              <test-case description="uses zip without a runtime extractor and excludes old archive formats" name="Content-based cache and archive refresh.uses zip without a runtime extractor and excludes old archive formats" time="0.1425" asserts="0" success="True" result="Success" executed="True" />
              <test-case description="removes obsolete formats even when the selected cache is current" name="Content-based cache and archive refresh.removes obsolete formats even when the selected cache is current" time="0.0768" asserts="0" success="True" result="Success" executed="True" />
              <test-case description="rebuilds corrupted cached archives rather than trusting only a source hash" name="Content-based cache and archive refresh.rebuilds corrupted cached archives rather than trusting only a source hash" time="0.067" asserts="0" success="True" result="Success" executed="True" />
              <test-case description="rejects non-Windows and non-AMD64 extractors before executing them" name="Content-based cache and archive refresh.rejects non-Windows and non-AMD64 extractors before executing them" time="0.0857" asserts="0" success="True" result="Success" executed="True" />
              <test-case description="accepts a standalone AMD64 image but rejects non-inbox imports" name="Content-based cache and archive refresh.accepts a standalone AMD64 image but rejects non-inbox imports" time="0.0732" asserts="0" success="True" result="Success" executed="True" />
              <test-case description="tests a fresh 7z once and trusts only a content-verified successful receipt on reuse" name="Content-based cache and archive refresh.tests a fresh 7z once and trusts only a content-verified successful receipt on reuse" time="0.0816" asserts="0" success="True" result="Success" executed="True" />
              <test-case description="fails before publishing an archive the runtime cannot extract" name="Content-based cache and archive refresh.fails before publishing an archive the runtime cannot extract" time="0.0506" asserts="0" success="True" result="Success" executed="True" />
              <test-case description="rebuilds and retests when extractor bytes change despite identical timestamps and lengths" name="Content-based cache and archive refresh.rebuilds and retests when extractor bytes change despite identical timestamps and lengths" time="0.1568" asserts="0" success="True" result="Success" executed="True" />
              <test-case description="rebuilds and retests when the compression profile or successful receipt changes" name="Content-based cache and archive refresh.rebuilds and retests when the compression profile or successful receipt changes" time="0.1201" asserts="0" success="True" result="Success" executed="True" />
              <test-case description="retains content corruption detection after a successful 7z test" name="Content-based cache and archive refresh.retains content corruption detection after a successful 7z test" time="0.0873" asserts="0" success="True" result="Success" executed="True" />
              <test-case description="includes the ZIP profile in its cache identity" name="Content-based cache and archive refresh.includes the ZIP profile in its cache identity" time="0.0744" asserts="0" success="True" result="Success" executed="True" />
              <test-suite type="ParameterizedTest" name="Content-based cache and archive refresh.uses &lt;Compression&gt; 7z settings without imposing Maximum settings on fast builds" executed="True" result="Success" success="True" time="0.2367" asserts="0" description="uses &lt;Compression&gt; 7z settings without imposing Maximum settings on fast builds">
                <results>
                  <test-case description="uses Fast 7z settings without imposing Maximum settings on fast builds" name="Content-based cache and archive refresh.uses Fast 7z settings without imposing Maximum settings on fast builds" time="0.0677" asserts="0" success="True" result="Success" executed="True" />
                  <test-case description="uses Balanced 7z settings without imposing Maximum settings on fast builds" name="Content-based cache and archive refresh.uses Balanced 7z settings without imposing Maximum settings on fast builds" time="0.0851" asserts="0" success="True" result="Success" executed="True" />
                  <test-case description="uses Maximum 7z settings without imposing Maximum settings on fast builds" name="Content-based cache and archive refresh.uses Maximum 7z settings without imposing Maximum settings on fast builds" time="0.0839" asserts="0" success="True" result="Success" executed="True" />
                </results>
              </test-suite>
            </results>
          </test-suite>
          <test-suite type="TestFixture" name="Two-level WIM servicing integration with mocked DISM" executed="True" result="Success" success="True" time="6.2093" asserts="0" description="Two-level WIM servicing integration with mocked DISM">
            <results>
              <test-case description="publishes a dismounted base before runtime customization, preserving package order and boot drivers" name="Two-level WIM servicing integration with mocked DISM.publishes a dismounted base before runtime customization, preserving package order and boot drivers" time="0.2521" asserts="0" success="True" result="Success" executed="True" />
              <test-case description="restores an identical final build without another mount or package installation" name="Two-level WIM servicing integration with mocked DISM.restores an identical final build without another mount or package installation" time="0.2133" asserts="0" success="True" result="Success" executed="True" />
              <test-case description="customizes a runtime-only change from the base without reinstalling packages or drivers" name="Two-level WIM servicing integration with mocked DISM.customizes a runtime-only change from the base without reinstalling packages or drivers" time="0.2093" asserts="0" success="True" result="Success" executed="True" />
              <test-case description="services both layers again after a boot driver content change" name="Two-level WIM servicing integration with mocked DISM.services both layers again after a boot driver content change" time="0.3508" asserts="0" success="True" result="Success" executed="True" />
              <test-case description="bypasses both cache reads and publications with NoCache" name="Two-level WIM servicing integration with mocked DISM.bypasses both cache reads and publications with NoCache" time="0.248" asserts="0" success="True" result="Success" executed="True" />
              <test-case description="rebuilds a corrupt serviced base rather than customizing damaged data" name="Two-level WIM servicing integration with mocked DISM.rebuilds a corrupt serviced base rather than customizing damaged data" time="0.2817" asserts="0" success="True" result="Success" executed="True" />
              <test-case description="does not mutate the base or publish a final image when customization fails" name="Two-level WIM servicing integration with mocked DISM.does not mutate the base or publish a final image when customization fails" time="0.1707" asserts="0" success="True" result="Success" executed="True" />
              <test-case description="discards a failed cold service without publishing either layer" name="Two-level WIM servicing integration with mocked DISM.discards a failed cold service without publishing either layer" time="0.0884" asserts="0" success="True" result="Success" executed="True" />
              <test-case description="cleans an exact owned registration left behind by a failed mount command" name="Two-level WIM servicing integration with mocked DISM.cleans an exact owned registration left behind by a failed mount command" time="0.0955" asserts="0" success="True" result="Success" executed="True" />
              <test-case description="refuses publishing an image still registered as mounted" name="Two-level WIM servicing integration with mocked DISM.refuses publishing an image still registered as mounted" time="0.0648" asserts="0" success="True" result="Success" executed="True" />
              <test-case description="cleans only staged publication files when a cache copy fails" name="Two-level WIM servicing integration with mocked DISM.cleans only staged publication files when a cache copy fails" time="0.0711" asserts="0" success="True" result="Success" executed="True" />
              <test-suite type="ParameterizedTest" name="Two-level WIM servicing integration with mocked DISM.treats a &lt;Damage&gt; final cache as a miss but still uses the verified base" executed="True" result="Success" success="True" time="0.6328" asserts="0" description="treats a &lt;Damage&gt; final cache as a miss but still uses the verified base">
                <results>
                  <test-case description="treats a corrupt image final cache as a miss but still uses the verified base" name="Two-level WIM servicing integration with mocked DISM.treats a corrupt image final cache as a miss but still uses the verified base" time="0.1825" asserts="0" success="True" result="Success" executed="True" />
                  <test-case description="treats a malformed receipt final cache as a miss but still uses the verified base" name="Two-level WIM servicing integration with mocked DISM.treats a malformed receipt final cache as a miss but still uses the verified base" time="0.1797" asserts="0" success="True" result="Success" executed="True" />
                  <test-case description="treats a missing receipt final cache as a miss but still uses the verified base" name="Two-level WIM servicing integration with mocked DISM.treats a missing receipt final cache as a miss but still uses the verified base" time="0.2707" asserts="0" success="True" result="Success" executed="True" />
                </results>
              </test-suite>
            </results>
          </test-suite>
          <test-suite type="TestFixture" name="Isolated workspace and mount cleanup" executed="True" result="Success" success="True" time="6.4372" asserts="0" description="Isolated workspace and mount cleanup">
            <results>
              <test-case description="does not discard unrelated mounts or prefix-sibling workspaces" name="Isolated workspace and mount cleanup.does not discard unrelated mounts or prefix-sibling workspaces" time="0.0167" asserts="0" success="True" result="Success" executed="True" />
              <test-case description="refuses an unknown image mounted at its own mount path" name="Isolated workspace and mount cleanup.refuses an unknown image mounted at its own mount path" time="0.0172" asserts="0" success="True" result="Success" executed="True" />
              <test-case description="refuses its own image mounted at an unexpected path" name="Isolated workspace and mount cleanup.refuses its own image mounted at an unexpected path" time="0.0168" asserts="0" success="True" result="Success" executed="True" />
              <test-case description="discards only the exact owned mount and image pair" name="Isolated workspace and mount cleanup.discards only the exact owned mount and image pair" time="0.019" asserts="0" success="True" result="Success" executed="True" />
              <test-case description="propagates mount enumeration errors without attempting cleanup" name="Isolated workspace and mount cleanup.propagates mount enumeration errors without attempting cleanup" time="0.0173" asserts="0" success="True" result="Success" executed="True" />
              <test-case description="will not clean arbitrary supplied workspace folders" name="Isolated workspace and mount cleanup.will not clean arbitrary supplied workspace folders" time="0.013" asserts="0" success="True" result="Success" executed="True" />
              <test-case description="rejects root and overlapping mirrors" name="Isolated workspace and mount cleanup.rejects root and overlapping mirrors" time="0.0222" asserts="0" success="True" result="Success" executed="True" />
              <test-case description="refuses to follow links inside an owned destination" name="Isolated workspace and mount cleanup.refuses to follow links inside an owned destination" time="0.0135" asserts="0" success="True" result="Success" executed="True" />
              <test-case description="allows non-link reparse points for cloud-filtered directories" name="Isolated workspace and mount cleanup.allows non-link reparse points for cloud-filtered directories" time="0.0444" asserts="0" success="True" result="Success" executed="True" />
              <test-case description="does not remove a workspace with a live mounted image" name="Isolated workspace and mount cleanup.does not remove a workspace with a live mounted image" time="0.0205" asserts="0" success="True" result="Success" executed="True" />
              <test-case description="removes only its unique workspace and preserves files in the supplied parent" name="Isolated workspace and mount cleanup.removes only its unique workspace and preserves files in the supplied parent" time="0.0202" asserts="0" success="True" result="Success" executed="True" />
            </results>
          </test-suite>
          <test-suite type="TestFixture" name="Optional WinPE display mode" executed="True" result="Success" success="True" time="6.47" asserts="0" description="Optional WinPE display mode">
            <results>
              <test-case description="does not generate Display or unattended arguments by default" name="Optional WinPE display mode.does not generate Display or unattended arguments by default" time="0.0096" asserts="0" success="True" result="Success" executed="True" />
              <test-case description="generates Display only when explicitly requested" name="Optional WinPE display mode.generates Display only when explicitly requested" time="0.013" asserts="0" success="True" result="Success" executed="True" />
              <test-case description="removes a stale explicit resolution when returning to defaults" name="Optional WinPE display mode.removes a stale explicit resolution when returning to defaults" time="0.0064" asserts="0" success="True" result="Success" executed="True" />
            </results>
          </test-suite>
          <test-suite type="TestFixture" name="Build orchestration regression guards" executed="True" result="Success" success="True" time="7.2774" asserts="0" description="Build orchestration regression guards">
            <results>
              <test-case description="injects boot drivers for ISO and USB, not just USB" name="Build orchestration regression guards.injects boot drivers for ISO and USB, not just USB" time="0.1396" asserts="0" success="True" result="Success" executed="True" />
              <test-case description="does not contain global mount cleanup, registry deletion or service restarts" name="Build orchestration regression guards.does not contain global mount cleanup, registry deletion or service restarts" time="0.0067" asserts="0" success="True" result="Success" executed="True" />
              <test-case description="uses a new workspace for every invocation instead of reusing stale payload" name="Build orchestration regression guards.uses a new workspace for every invocation instead of reusing stale payload" time="0.0988" asserts="0" success="True" result="Success" executed="True" />
              <test-case description="keeps the required runtime packages and drops only the unused DISM PowerShell package" name="Build orchestration regression guards.keeps the required runtime packages and drops only the unused DISM PowerShell package" time="0.1222" asserts="0" success="True" result="Success" executed="True" />
              <test-case description="keeps the base recipe independent of runtime sources and the whole-builder hash" name="Build orchestration regression guards.keeps the base recipe independent of runtime sources and the whole-builder hash" time="0.0894" asserts="0" success="True" result="Success" executed="True" />
              <test-case description="does not route USB file refreshes through unconditional robocopy writes" name="Build orchestration regression guards.does not route USB file refreshes through unconditional robocopy writes" time="0.2183" asserts="0" success="True" result="Success" executed="True" />
              <test-case description="defaults driver compression to Fast and validates supported profiles" name="Build orchestration regression guards.defaults driver compression to Fast and validates supported profiles" time="0.0064" asserts="0" success="True" result="Success" executed="True" />
              <test-case description="stops output timing after every output branch without detaching an else clause" name="Build orchestration regression guards.stops output timing after every output branch without detaching an else clause" time="0.1223" asserts="0" success="True" result="Success" executed="True" />
            </results>
          </test-suite>
          <test-suite type="TestFixture" name="Build timing output" executed="True" result="Success" success="True" time="7.2952" asserts="0" description="Build timing output">
            <results>
              <test-case description="logs phase elapsed time without contaminating function pipeline results" name="Build timing output.logs phase elapsed time without contaminating function pipeline results" time="0.015" asserts="0" success="True" result="Success" executed="True" />
            </results>
          </test-suite>
          <test-suite type="TestFixture" name="Build sync hashing fast path" executed="True" result="Failure" success="False" time="7.3872" asserts="0" description="Build sync hashing fast path">
            <results>
              <test-case description="uses sync receipts to avoid destination hashing on unchanged files" name="Build sync hashing fast path.uses sync receipts to avoid destination hashing on unchanged files" time="0.0509" asserts="0" success="False" result="Failure" executed="True">
                <failure>
                  <message>RuntimeException: Destination hash should be skipped when receipt metadata is unchanged.</message>
                  <stack-trace>at &lt;ScriptBlock&gt;, /home/runner/work/autoreset/autoreset/tests/Build-WinPE.Tests.ps1:967</stack-trace>
                </failure>
              </test-case>
              <test-case description="falls back to hashing when timestamps differ" name="Build sync hashing fast path.falls back to hashing when timestamps differ" time="0.0337" asserts="0" success="True" result="Success" executed="True" />
            </results>
          </test-suite>
        </results>
      </test-suite>
      <test-suite type="TestFixture" name="/home/runner/work/autoreset/autoreset/tests/Invoke-AutoReset.Tests.ps1" executed="True" result="Success" success="True" time="4.887" asserts="0" description="/home/runner/work/autoreset/autoreset/tests/Invoke-AutoReset.Tests.ps1">
        <results>
          <test-suite type="TestFixture" name="KillDisk child process result" executed="True" result="Success" success="True" time="0.1787" asserts="0" description="KillDisk child process result">
            <results>
              <test-suite type="TestFixture" name="KillDisk child process result.KillDisk local staging" executed="True" result="Success" success="True" time="0.0637" asserts="0" description="KillDisk child process result.KillDisk local staging">
                <results>
                  <test-case description="copies required KillDisk scripts to local runtime storage" name="KillDisk child process result.KillDisk local staging.copies required KillDisk scripts to local runtime storage" time="0.0372" asserts="0" success="True" result="Success" executed="True" />
                  <test-case description="fails if any required KillDisk runtime script is missing" name="KillDisk child process result.KillDisk local staging.fails if any required KillDisk runtime script is missing" time="0.0169" asserts="0" success="True" result="Success" executed="True" />
                </results>
              </test-suite>
              <test-case description="waits for and verifies the child result" name="KillDisk child process result.waits for and verifies the child result" time="0.0473" asserts="0" success="True" result="Success" executed="True" />
              <test-suite type="ParameterizedTest" name="KillDisk child process result.propagates a failed or unavailable child exit code" executed="True" result="Success" success="True" time="0.0635" asserts="0" description="propagates a failed or unavailable child exit code">
                <results>
                  <test-case description="propagates a failed or unavailable child exit code" name="KillDisk child process result.propagates a failed or unavailable child exit code(1)" time="0.0215" asserts="0" success="True" result="Success" executed="True" />
                  <test-case description="propagates a failed or unavailable child exit code" name="KillDisk child process result.propagates a failed or unavailable child exit code(42)" time="0.0199" asserts="0" success="True" result="Success" executed="True" />
                  <test-case description="propagates a failed or unavailable child exit code" name="KillDisk child process result.propagates a failed or unavailable child exit code(null)" time="0.0221" asserts="0" success="True" result="Success" executed="True" />
                </results>
              </test-suite>
            </results>
          </test-suite>
          <test-suite type="TestFixture" name="Deployment structure and shared UI integration" executed="True" result="Success" success="True" time="0.2454" asserts="0" description="Deployment structure and shared UI integration">
            <results>
              <test-case description="parses without errors" name="Deployment structure and shared UI integration.parses without errors" time="0.0048" asserts="0" success="True" result="Success" executed="True" />
              <test-case description="loads shared helpers relative to its deployed script" name="Deployment structure and shared UI integration.loads shared helpers relative to its deployed script" time="0.0058" asserts="0" success="True" result="Success" executed="True" />
              <test-case description="uses shared form and disk-list layout rather than duplicate sizing functions" name="Deployment structure and shared UI integration.uses shared form and disk-list layout rather than duplicate sizing functions" time="0.0087" asserts="0" success="True" result="Success" executed="True" />
              <test-case description="keeps splash text-only and only enables step bars for recordable percentages" name="Deployment structure and shared UI integration.keeps splash text-only and only enables step bars for recordable percentages" time="0.0076" asserts="0" success="True" result="Success" executed="True" />
              <test-case description="runs preflight before its only destructive deployment step" name="Deployment structure and shared UI integration.runs preflight before its only destructive deployment step" time="0.0092" asserts="0" success="True" result="Success" executed="True" />
              <test-case description="does not offer a reboot disguised as a retry or block ISO restarts" name="Deployment structure and shared UI integration.does not offer a reboot disguised as a retry or block ISO restarts" time="0.0216" asserts="0" success="True" result="Success" executed="True" />
              <test-case description="logs the deployed script path and SHA256" name="Deployment structure and shared UI integration.logs the deployed script path and SHA256" time="0.0048" asserts="0" success="True" result="Success" executed="True" />
            </results>
          </test-suite>
          <test-suite type="TestFixture" name="AutoReset display branding" executed="True" result="Success" success="True" time="0.3192" asserts="0" description="AutoReset display branding">
            <results>
              <test-case description="uses only AutoReset for the main window title without a deployment subtitle" name="AutoReset display branding.uses only AutoReset for the main window title without a deployment subtitle" time="0.0082" asserts="0" success="True" result="Success" executed="True" />
              <test-case description="uses AutoReset in prompts, failures and completion messages" name="AutoReset display branding.uses AutoReset in prompts, failures and completion messages" time="0.0211" asserts="0" success="True" result="Success" executed="True" />
              <test-case description="retains legacy log and recovery paths for support compatibility" name="AutoReset display branding.retains legacy log and recovery paths for support compatibility" time="0.0107" asserts="0" success="True" result="Success" executed="True" />
              <test-case description="keeps the KillDisk child script name and shortcut" name="AutoReset display branding.keeps the KillDisk child script name and shortcut" time="0.0068" asserts="0" success="True" result="Success" executed="True" />
              <test-suite type="ParameterizedTest" name="AutoReset display branding.keeps stage captions under the AutoReset window title" executed="True" result="Success" success="True" time="0.0214" asserts="0" description="keeps stage captions under the AutoReset window title">
                <results>
                  <test-case description="keeps stage captions under the AutoReset window title" name="AutoReset display branding.keeps stage captions under the AutoReset window title(&quot;Preparing...&quot;)" time="0.0057" asserts="0" success="True" result="Success" executed="True" />
                  <test-case description="keeps stage captions under the AutoReset window title" name="AutoReset display branding.keeps stage captions under the AutoReset window title(&quot;Disk Selection&quot;)" time="0.0052" asserts="0" success="True" result="Success" executed="True" />
                  <test-case description="keeps stage captions under the AutoReset window title" name="AutoReset display branding.keeps stage captions under the AutoReset window title(&quot;Complete!&quot;)" time="0.0053" asserts="0" success="True" result="Success" executed="True" />
                  <test-case description="keeps stage captions under the AutoReset window title" name="AutoReset display branding.keeps stage captions under the AutoReset window title(&quot;Error&quot;)" time="0.0051" asserts="0" success="True" result="Success" executed="True" />
                </results>
              </test-suite>
            </results>
          </test-suite>
          <test-suite type="TestFixture" name="Unambiguous deployment source selection" executed="True" result="Success" success="True" time="0.4735" asserts="0" description="Unambiguous deployment source selection">
            <results>
              <test-case description="selects exactly one ready external marker root" name="Unambiguous deployment source selection.selects exactly one ready external marker root" time="0.0277" asserts="0" success="True" result="Success" executed="True" />
              <test-case description="rejects multiple deployment sticks or ISO sources instead of picking the first" name="Unambiguous deployment source selection.rejects multiple deployment sticks or ISO sources instead of picking the first" time="0.0255" asserts="0" success="True" result="Success" executed="True" />
              <test-case description="ignores the X RAM source even if it contains a baked marker" name="Unambiguous deployment source selection.ignores the X RAM source even if it contains a baked marker" time="0.0567" asserts="0" success="True" result="Success" executed="True" />
              <test-case description="ignores unreadable drives and RAM disks with other letters" name="Unambiguous deployment source selection.ignores unreadable drives and RAM disks with other letters" time="0.0172" asserts="0" success="True" result="Success" executed="True" />
              <test-case description="rejects empty inventory or missing marker roots" name="Unambiguous deployment source selection.rejects empty inventory or missing marker roots" time="0.0223" asserts="0" success="True" result="Success" executed="True" />
            </results>
          </test-suite>
          <test-suite type="TestFixture" name="Strict configuration validation" executed="True" result="Success" success="True" time="0.6057" asserts="0" description="Strict configuration validation">
            <results>
              <test-case description="accepts typed settings and null optional disk/index values" name="Strict configuration validation.accepts typed settings and null optional disk/index values" time="0.0179" asserts="0" success="True" result="Success" executed="True" />
              <test-suite type="ParameterizedTest" name="Strict configuration validation.rejects nonobject configurations" executed="True" result="Success" success="True" time="0.0186" asserts="0" description="rejects nonobject configurations">
                <results>
                  <test-case description="rejects nonobject configurations" name="Strict configuration validation.rejects nonobject configurations(&quot;null&quot;)" time="0.0046" asserts="0" success="True" result="Success" executed="True" />
                  <test-case description="rejects nonobject configurations" name="Strict configuration validation.rejects nonobject configurations(&quot;[]&quot;)" time="0.004" asserts="0" success="True" result="Success" executed="True" />
                  <test-case description="rejects nonobject configurations" name="Strict configuration validation.rejects nonobject configurations(&quot;&quot;wrong&quot;&quot;)" time="0.0048" asserts="0" success="True" result="Success" executed="True" />
                  <test-case description="rejects nonobject configurations" name="Strict configuration validation.rejects nonobject configurations(&quot;true&quot;)" time="0.0053" asserts="0" success="True" result="Success" executed="True" />
                </results>
              </test-suite>
              <test-suite type="ParameterizedTest" name="Strict configuration validation.rejects unsafe setting types" executed="True" result="Success" success="True" time="0.0627" asserts="0" description="rejects unsafe setting types">
                <results>
                  <test-case description="rejects unsafe setting types" name="Strict configuration validation.rejects unsafe setting types(&quot;{&quot;ConfirmBeforeWipe&quot;:&quot;false&quot;}&quot;)" time="0.0046" asserts="0" success="True" result="Success" executed="True" />
                  <test-case description="rejects unsafe setting types" name="Strict configuration validation.rejects unsafe setting types(&quot;{&quot;DriversRequired&quot;:null}&quot;)" time="0.0039" asserts="0" success="True" result="Success" executed="True" />
                  <test-case description="rejects unsafe setting types" name="Strict configuration validation.rejects unsafe setting types(&quot;{&quot;ContinueOnDriverError&quot;:1}&quot;)" time="0.0046" asserts="0" success="True" result="Success" executed="True" />
                  <test-case description="rejects unsafe setting types" name="Strict configuration validation.rejects unsafe setting types(&quot;{&quot;SetupRecovery&quot;:&quot;true&quot;}&quot;)" time="0.0053" asserts="0" success="True" result="Success" executed="True" />
                  <test-case description="rejects unsafe setting types" name="Strict configuration validation.rejects unsafe setting types(&quot;{&quot;TargetDiskNumber&quot;:&quot;0&quot;}&quot;)" time="0.005" asserts="0" success="True" result="Success" executed="True" />
                  <test-case description="rejects unsafe setting types" name="Strict configuration validation.rejects unsafe setting types(&quot;{&quot;TargetDiskNumber&quot;:-1}&quot;)" time="0.0044" asserts="0" success="True" result="Success" executed="True" />
                  <test-case description="rejects unsafe setting types" name="Strict configuration validation.rejects unsafe setting types(&quot;{&quot;ImageIndex&quot;:0}&quot;)" time="0.004" asserts="0" success="True" result="Success" executed="True" />
                  <test-case description="rejects unsafe setting types" name="Strict configuration validation.rejects unsafe setting types(&quot;{&quot;ImageIndex&quot;:1.5}&quot;)" time="0.0048" asserts="0" success="True" result="Success" executed="True" />
                  <test-case description="rejects unsafe setting types" name="Strict configuration validation.rejects unsafe setting types(&quot;{&quot;ImageFile&quot;:true}&quot;)" time="0.0057" asserts="0" success="True" result="Success" executed="True" />
                  <test-case description="rejects unsafe setting types" name="Strict configuration validation.rejects unsafe setting types(&quot;{&quot;ImageEdition&quot;:&quot;&quot;}&quot;)" time="0.0048" asserts="0" success="True" result="Success" executed="True" />
                  <test-case description="rejects unsafe setting types" name="Strict configuration validation.rejects unsafe setting types(&quot;{&quot;DriverMap&quot;:{}}&quot;)" time="0.0049" asserts="0" success="True" result="Success" executed="True" />
                  <test-case description="rejects unsafe setting types" name="Strict configuration validation.rejects unsafe setting types(&quot;{&quot;DriverMap&quot;:[{&quot;Match&quot;:&quot;&quot;,&quot;Folder&quot;:&quot;Dell&quot;}]}&quot;)" time="0.0058" asserts="0" success="True" result="Success" executed="True" />
                  <test-case description="rejects unsafe setting types" name="Strict configuration validation.rejects unsafe setting types(&quot;{&quot;DriverMap&quot;:[{&quot;Match&quot;:&quot;Dell&quot;,&quot;Folder&quot;:&quot;../escape&quot;}]}&quot;)" time="0.0048" asserts="0" success="True" result="Success" executed="True" />
                </results>
              </test-suite>
              <test-suite type="ParameterizedTest" name="Strict configuration validation.rejects traversal, absolute paths, and command-line quoting" executed="True" result="Success" success="True" time="0.0278" asserts="0" description="rejects traversal, absolute paths, and command-line quoting">
                <results>
                  <test-case description="rejects traversal, absolute paths, and command-line quoting" name="Strict configuration validation.rejects traversal, absolute paths, and command-line quoting(&quot;..\escape&quot;)" time="0.0046" asserts="0" success="True" result="Success" executed="True" />
                  <test-case description="rejects traversal, absolute paths, and command-line quoting" name="Strict configuration validation.rejects traversal, absolute paths, and command-line quoting(&quot;C:\image.wim&quot;)" time="0.0038" asserts="0" success="True" result="Success" executed="True" />
                  <test-case description="rejects traversal, absolute paths, and command-line quoting" name="Strict configuration validation.rejects traversal, absolute paths, and command-line quoting(&quot;\\server\share&quot;)" time="0.0038" asserts="0" success="True" result="Success" executed="True" />
                  <test-case description="rejects traversal, absolute paths, and command-line quoting" name="Strict configuration validation.rejects traversal, absolute paths, and command-line quoting(&quot;Images\bad&quot;.wim&quot;)" time="0.0038" asserts="0" success="True" result="Success" executed="True" />
                  <test-case description="rejects traversal, absolute paths, and command-line quoting" name="Strict configuration validation.rejects traversal, absolute paths, and command-line quoting(&quot;Drivers/../escape&quot;)" time="0.0041" asserts="0" success="True" result="Success" executed="True" />
                  <test-case description="rejects traversal, absolute paths, and command-line quoting" name="Strict configuration validation.rejects traversal, absolute paths, and command-line quoting(&quot;Drivers/*&quot;)" time="0.0038" asserts="0" success="True" result="Success" executed="True" />
                  <test-case description="rejects traversal, absolute paths, and command-line quoting" name="Strict configuration validation.rejects traversal, absolute paths, and command-line quoting(&quot;Drivers/.. /escape&quot;)" time="0.0041" asserts="0" success="True" result="Success" executed="True" />
                </results>
              </test-suite>
            </results>
          </test-suite>
          <test-suite type="TestFixture" name="Safe initial disk selection" executed="True" result="Success" success="True" time="0.7094" asserts="0" description="Safe initial disk selection">
            <results>
              <test-case description="requires explicit selection with multiple eligible disks, not the largest disk" name="Safe initial disk selection.requires explicit selection with multiple eligible disks, not the largest disk" time="0.0241" asserts="0" success="True" result="Success" executed="True" />
              <test-case description="selects the sole eligible disk and excludes deployment media" name="Safe initial disk selection.selects the sole eligible disk and excludes deployment media" time="0.0127" asserts="0" success="True" result="Success" executed="True" />
              <test-case description="accepts an explicit eligible disk zero" name="Safe initial disk selection.accepts an explicit eligible disk zero" time="0.0195" asserts="0" success="True" result="Success" executed="True" />
              <test-suite type="ParameterizedTest" name="Safe initial disk selection.applies eligibility to a configured target" executed="True" result="Success" success="True" time="0.0435" asserts="0" description="applies eligibility to a configured target">
                <results>
                  <test-case description="applies eligibility to a configured target" name="Safe initial disk selection.applies eligibility to a configured target(1)" time="0.015" asserts="0" success="True" result="Success" executed="True" />
                  <test-case description="applies eligibility to a configured target" name="Safe initial disk selection.applies eligibility to a configured target(2)" time="0.0137" asserts="0" success="True" result="Success" executed="True" />
                  <test-case description="applies eligibility to a configured target" name="Safe initial disk selection.applies eligibility to a configured target(9)" time="0.0147" asserts="0" success="True" result="Success" executed="True" />
                </results>
              </test-suite>
            </results>
          </test-suite>
          <test-suite type="TestFixture" name="Image preflight" executed="True" result="Success" success="True" time="1.0645" asserts="0" description="Image preflight">
            <results>
              <test-case description="uses the expanded size and English DISM metadata" name="Image preflight.uses the expanded size and English DISM metadata" time="0.0773" asserts="0" success="True" result="Success" executed="True" />
              <test-case description="defaults to the same Windows edition as the image builder" name="Image preflight.defaults to the same Windows edition as the image builder" time="0.0376" asserts="0" success="True" result="Success" executed="True" />
              <test-case description="rejects unreadable image content before DISM or wipe" name="Image preflight.rejects unreadable image content before DISM or wipe" time="0.0713" asserts="0" success="True" result="Success" executed="True" />
              <test-case description="rejects a nonexistent explicit image index" name="Image preflight.rejects a nonexistent explicit image index" time="0.0373" asserts="0" success="True" result="Success" executed="True" />
              <test-case description="never falls back to a wrong single-image edition" name="Image preflight.never falls back to a wrong single-image edition" time="0.0541" asserts="0" success="True" result="Success" executed="True" />
              <test-case description="rejects missing expanded metadata instead of using compressed file size" name="Image preflight.rejects missing expanded metadata instead of using compressed file size" time="0.0358" asserts="0" success="True" result="Success" executed="True" />
              <test-case description="rejects an architecture mismatch" name="Image preflight.rejects an architecture mismatch" time="0.0375" asserts="0" success="True" result="Success" executed="True" />
            </results>
          </test-suite>
          <test-suite type="TestFixture" name="Preflight failure gates" executed="True" result="Success" success="True" time="1.8871" asserts="0" description="Preflight failure gates">
            <results>
              <test-case description="requires WinPE before inspecting tools or media" name="Preflight failure gates.requires WinPE before inspecting tools or media" time="0.0621" asserts="0" success="True" result="Success" executed="True" />
              <test-case description="checks all prerequisites without invoking any wipe" name="Preflight failure gates.checks all prerequisites without invoking any wipe" time="0.1519" asserts="0" success="True" result="Success" executed="True" />
              <test-case description="rejects a missing tool" name="Preflight failure gates.rejects a missing tool" time="0.084" asserts="0" success="True" result="Success" executed="True" />
              <test-case description="rejects insufficient expanded-image capacity" name="Preflight failure gates.rejects insufficient expanded-image capacity" time="0.0789" asserts="0" success="True" result="Success" executed="True" />
              <test-case description="includes expanded driver staging in target capacity before wiping" name="Preflight failure gates.includes expanded driver staging in target capacity before wiping" time="0.114" asserts="0" success="True" result="Success" executed="True" />
              <test-case description="rejects media mapping failure" name="Preflight failure gates.rejects media mapping failure" time="0.06" asserts="0" success="True" result="Success" executed="True" />
              <test-case description="requires the legacy boot-sector tool" name="Preflight failure gates.requires the legacy boot-sector tool" time="0.0649" asserts="0" success="True" result="Success" executed="True" />
              <test-case description="uses the bundled boot-sector tool when WinPE does not expose it on PATH" name="Preflight failure gates.uses the bundled boot-sector tool when WinPE does not expose it on PATH" time="0.1096" asserts="0" success="True" result="Success" executed="True" />
              <test-case description="propagates driver archive validation failures without wiping" name="Preflight failure gates.propagates driver archive validation failures without wiping" time="0.0931" asserts="0" success="True" result="Success" executed="True" />
            </results>
          </test-suite>
          <test-suite type="TestFixture" name="Driver requirements and archive validation" executed="True" result="Success" success="True" time="2.4006" asserts="0" description="Driver requirements and archive validation">
            <results>
              <test-case description="permits missing model drivers only when not required, with a warning" name="Driver requirements and archive validation.permits missing model drivers only when not required, with a warning" time="0.0583" asserts="0" success="True" result="Success" executed="True" />
              <test-case description="fails for missing required drivers" name="Driver requirements and archive validation.fails for missing required drivers" time="0.0293" asserts="0" success="True" result="Success" executed="True" />
              <test-case description="checks the 7z extraction tool before running an archive" name="Driver requirements and archive validation.checks the 7z extraction tool before running an archive" time="0.0328" asserts="0" success="True" result="Success" executed="True" />
              <test-case description="rejects corrupt archive listings before extraction" name="Driver requirements and archive validation.rejects corrupt archive listings before extraction" time="0.0381" asserts="0" success="True" result="Success" executed="True" />
              <test-case description="rejects a traversal path from a real-format 7z listing" name="Driver requirements and archive validation.rejects a traversal path from a real-format 7z listing" time="0.0497" asserts="0" success="True" result="Success" executed="True" />
              <test-case description="tests archive integrity before extraction" name="Driver requirements and archive validation.tests archive integrity before extraction" time="0.0457" asserts="0" success="True" result="Success" executed="True" />
              <test-case description="validates multi-gigabyte driver packs without extracting or requiring WinPE scratch space" name="Driver requirements and archive validation.validates multi-gigabyte driver packs without extracting or requiring WinPE scratch space" time="0.1035" asserts="0" success="True" result="Success" executed="True" />
              <test-case description="streams ZIP entries for readability and sizes without extracting them" name="Driver requirements and archive validation.streams ZIP entries for readability and sizes without extracting them" time="0.0727" asserts="0" success="True" result="Success" executed="True" />
              <test-suite type="ParameterizedTest" name="Driver requirements and archive validation.rejects unsafe archive entry paths" executed="True" result="Success" success="True" time="0.0787" asserts="0" description="rejects unsafe archive entry paths">
                <results>
                  <test-case description="rejects unsafe archive entry paths" name="Driver requirements and archive validation.rejects unsafe archive entry paths(&quot;../escape.inf&quot;)" time="0.0206" asserts="0" success="True" result="Success" executed="True" />
                  <test-case description="rejects unsafe archive entry paths" name="Driver requirements and archive validation.rejects unsafe archive entry paths(&quot;/absolute.inf&quot;)" time="0.0192" asserts="0" success="True" result="Success" executed="True" />
                  <test-case description="rejects unsafe archive entry paths" name="Driver requirements and archive validation.rejects unsafe archive entry paths(&quot;C:\escape.inf&quot;)" time="0.019" asserts="0" success="True" result="Success" executed="True" />
                  <test-case description="rejects unsafe archive entry paths" name="Driver requirements and archive validation.rejects unsafe archive entry paths(&quot;drivers/../../escape.inf&quot;)" time="0.0199" asserts="0" success="True" result="Success" executed="True" />
                </results>
              </test-suite>
            </results>
          </test-suite>
          <test-suite type="TestFixture" name="Fixed drive-letter collision checks" executed="True" result="Success" success="True" time="2.6389" asserts="0" description="Fixed drive-letter collision checks">
            <results>
              <test-case description="permits only completely unused letters" name="Fixed drive-letter collision checks.permits only completely unused letters" time="0.0628" asserts="0" success="True" result="Success" executed="True" />
              <test-case description="rejects an optical or mounted volume even without a disk partition mapping" name="Fixed drive-letter collision checks.rejects an optical or mounted volume even without a disk partition mapping" time="0.0282" asserts="0" success="True" result="Success" executed="True" />
              <test-case description="fails closed when volume enumeration fails" name="Fixed drive-letter collision checks.fails closed when volume enumeration fails" time="0.0373" asserts="0" success="True" result="Success" executed="True" />
              <test-suite type="ParameterizedTest" name="Fixed drive-letter collision checks.rejects existing partitions using any deployment letter" executed="True" result="Success" success="True" time="0.106" asserts="0" description="rejects existing partitions using any deployment letter">
                <results>
                  <test-case description="rejects existing partitions using any deployment letter" name="Fixed drive-letter collision checks.rejects existing partitions using any deployment letter(&quot;S&quot;)" time="0.0341" asserts="0" success="True" result="Success" executed="True" />
                  <test-case description="rejects existing partitions using any deployment letter" name="Fixed drive-letter collision checks.rejects existing partitions using any deployment letter(&quot;W&quot;)" time="0.0319" asserts="0" success="True" result="Success" executed="True" />
                  <test-case description="rejects existing partitions using any deployment letter" name="Fixed drive-letter collision checks.rejects existing partitions using any deployment letter(&quot;R&quot;)" time="0.0399" asserts="0" success="True" result="Success" executed="True" />
                </results>
              </test-suite>
            </results>
          </test-suite>
          <test-suite type="TestFixture" name="Partition ownership and immediate prewipe revalidation" executed="True" result="Success" success="True" time="3.0768" asserts="0" description="Partition ownership and immediate prewipe revalidation">
            <results>
              <test-case description="refuses to partition without completed preflight" name="Partition ownership and immediate prewipe revalidation.refuses to partition without completed preflight" time="0.0712" asserts="0" success="True" result="Success" executed="True" />
              <test-case description="stops when target identity changes immediately before diskpart" name="Partition ownership and immediate prewipe revalidation.stops when target identity changes immediately before diskpart" time="0.0692" asserts="0" success="True" result="Success" executed="True" />
              <test-case description="stops when media mapping changes immediately before diskpart" name="Partition ownership and immediate prewipe revalidation.stops when media mapping changes immediately before diskpart" time="0.0485" asserts="0" success="True" result="Success" executed="True" />
              <test-case description="checks letter collisions again just before partitioning" name="Partition ownership and immediate prewipe revalidation.checks letter collisions again just before partitioning" time="0.0486" asserts="0" success="True" result="Success" executed="True" />
              <test-case description="rechecks the selected archive hash before any erase command" name="Partition ownership and immediate prewipe revalidation.rechecks the selected archive hash before any erase command" time="0.0549" asserts="0" success="True" result="Success" executed="True" />
              <test-case description="explicitly converts a GPT source disk to MBR for legacy firmware" name="Partition ownership and immediate prewipe revalidation.explicitly converts a GPT source disk to MBR for legacy firmware" time="0.0863" asserts="0" success="True" result="Success" executed="True" />
              <test-case description="keeps target revalidation last after source checks and immediately before diskpart" name="Partition ownership and immediate prewipe revalidation.keeps target revalidation last after source checks and immediately before diskpart" time="0.0554" asserts="0" success="True" result="Success" executed="True" />
            </results>
          </test-suite>
          <test-suite type="TestFixture" name="Deployment source medium fingerprint" executed="True" result="Success" success="True" time="3.29" asserts="0" description="Deployment source medium fingerprint">
            <results>
              <test-case description="captures both unique volume and physical disk identities for USB media" name="Deployment source medium fingerprint.captures both unique volume and physical disk identities for USB media" time="0.1" asserts="0" success="True" result="Success" executed="True" />
              <test-case description="handles read-only optical media without requiring a physical-disk mapping or writes" name="Deployment source medium fingerprint.handles read-only optical media without requiring a physical-disk mapping or writes" time="0.0391" asserts="0" success="True" result="Success" executed="True" />
              <test-case description="rejects a source volume with an unavailable physical mapping" name="Deployment source medium fingerprint.rejects a source volume with an unavailable physical mapping" time="0.0332" asserts="0" success="True" result="Success" executed="True" />
              <test-case description="rejects an unidentified source volume" name="Deployment source medium fingerprint.rejects an unidentified source volume" time="0.0367" asserts="0" success="True" result="Success" executed="True" />
            </results>
          </test-suite>
          <test-suite type="TestFixture" name="Source and full image revalidation before wipe without drivers" executed="True" result="Success" success="True" time="3.9622" asserts="0" description="Source and full image revalidation before wipe without drivers">
            <results>
              <test-case description="rechecks the full image hash and source identity even when no drivers are supplied" name="Source and full image revalidation before wipe without drivers.rechecks the full image hash and source identity even when no drivers are supplied" time="0.1352" asserts="0" success="True" result="Success" executed="True" />
              <test-case description="aborts before erase if the source medium disappears" name="Source and full image revalidation before wipe without drivers.aborts before erase if the source medium disappears" time="0.0901" asserts="0" success="True" result="Success" executed="True" />
              <test-case description="aborts before erase if another deployment medium creates source ambiguity" name="Source and full image revalidation before wipe without drivers.aborts before erase if another deployment medium creates source ambiguity" time="0.0614" asserts="0" success="True" result="Success" executed="True" />
              <test-case description="aborts before erase if the source medium is replaced at the same drive letter" name="Source and full image revalidation before wipe without drivers.aborts before erase if the source medium is replaced at the same drive letter" time="0.1089" asserts="0" success="True" result="Success" executed="True" />
              <test-case description="aborts before erase if the selected Windows image disappears" name="Source and full image revalidation before wipe without drivers.aborts before erase if the selected Windows image disappears" time="0.0653" asserts="0" success="True" result="Success" executed="True" />
              <test-case description="aborts before erase if the selected image contents change" name="Source and full image revalidation before wipe without drivers.aborts before erase if the selected image contents change" time="0.0674" asserts="0" success="True" result="Success" executed="True" />
              <test-case description="aborts before erase if the selected image cannot be read completely" name="Source and full image revalidation before wipe without drivers.aborts before erase if the selected image cannot be read completely" time="0.0682" asserts="0" success="True" result="Success" executed="True" />
              <test-case description="rechecks source attachment after the lengthy image hash read" name="Source and full image revalidation before wipe without drivers.rechecks source attachment after the lengthy image hash read" time="0.0714" asserts="0" success="True" result="Success" executed="True" />
            </results>
          </test-suite>
          <test-suite type="TestFixture" name="Post-partition driver extraction" executed="True" result="Success" success="True" time="4.1274" asserts="0" description="Post-partition driver extraction">
            <results>
              <test-case description="extracts only into a unique directory on the verified Windows target" name="Post-partition driver extraction.extracts only into a unique directory on the verified Windows target" time="0.0705" asserts="0" success="True" result="Success" executed="True" />
              <test-case description="rechecks archive identity before extraction" name="Post-partition driver extraction.rechecks archive identity before extraction" time="0.0637" asserts="0" success="True" result="Success" executed="True" />
              <test-case description="refuses extraction when partition ownership is unverified" name="Post-partition driver extraction.refuses extraction when partition ownership is unverified" time="0.028" asserts="0" success="True" result="Success" executed="True" />
            </results>
          </test-suite>
          <test-suite type="TestFixture" name="Actual partition ownership checks" executed="True" result="Success" success="True" time="4.2187" asserts="0" description="Actual partition ownership checks">
            <results>
              <test-case description="rejects another disk even when S, W and R paths exist" name="Actual partition ownership checks.rejects another disk even when S, W and R paths exist" time="0.0278" asserts="0" success="True" result="Success" executed="True" />
              <test-case description="rejects reused disk numbers with a different stable identity" name="Actual partition ownership checks.rejects reused disk numbers with a different stable identity" time="0.0308" asserts="0" success="True" result="Success" executed="True" />
              <test-case description="does not copy logs into an unverified preexisting Windows drive" name="Actual partition ownership checks.does not copy logs into an unverified preexisting Windows drive" time="0.0291" asserts="0" success="True" result="Success" executed="True" />
            </results>
          </test-suite>
          <test-suite type="TestFixture" name="Target BCD and UEFI verification" executed="True" result="Success" success="True" time="4.5958" asserts="0" description="Target BCD and UEFI verification">
            <results>
              <test-case description="verifies the target store, actual firmware device and boot order" name="Target BCD and UEFI verification.verifies the target store, actual firmware device and boot order" time="0.0709" asserts="0" success="True" result="Success" executed="True" />
              <test-case description="copies a firmware-class boot manager rather than creating a boot-environment application" name="Target BCD and UEFI verification.copies a firmware-class boot manager rather than creating a boot-environment application" time="0.0591" asserts="0" success="True" result="Success" executed="True" />
              <test-case description="rejects a BCD Windows loader pointing at the deployment environment" name="Target BCD and UEFI verification.rejects a BCD Windows loader pointing at the deployment environment" time="0.0258" asserts="0" success="True" result="Success" executed="True" />
              <test-case description="rejects a firmware entry on a different ESP" name="Target BCD and UEFI verification.rejects a firmware entry on a different ESP" time="0.0329" asserts="0" success="True" result="Success" executed="True" />
              <test-case description="rejects an entry that is not first in firmware boot order" name="Target BCD and UEFI verification.rejects an entry that is not first in firmware boot order" time="0.0348" asserts="0" success="True" result="Success" executed="True" />
              <test-case description="implements an explicit specialize hook instead of promising an unimplemented WinRE retry" name="Target BCD and UEFI verification.implements an explicit specialize hook instead of promising an unimplemented WinRE retry" time="0.0189" asserts="0" success="True" result="Success" executed="True" />
              <test-case description="includes a syntactically valid first-boot recovery script" name="Target BCD and UEFI verification.includes a syntactically valid first-boot recovery script" time="0.1021" asserts="0" success="True" result="Success" executed="True" />
              <test-case description="does not overwrite an image-provided answer file when staging recovery" name="Target BCD and UEFI verification.does not overwrite an image-provided answer file when staging recovery" time="0.0289" asserts="0" success="True" result="Success" executed="True" />
            </results>
          </test-suite>
        </results>
      </test-suite>
    </results>
  </test-suite>
</test-results>